2025-06-20 19:02:20,718 INFO o.a.j.u.JMeterUtils: Setting Locale to en_EN
2025-06-20 19:02:20,733 INFO o.a.j.JMeter: Loading user properties from: /opt/homebrew/Cellar/jmeter/5.6.3/libexec/bin/user.properties
2025-06-20 19:02:20,734 INFO o.a.j.JMeter: Loading system properties from: /opt/homebrew/Cellar/jmeter/5.6.3/libexec/bin/system.properties
2025-06-20 19:02:20,737 INFO o.a.j.JMeter: Copyright (c) 1998-2024 The Apache Software Foundation
2025-06-20 19:02:20,737 INFO o.a.j.JMeter: Version 5.6.3
2025-06-20 19:02:20,737 INFO o.a.j.JMeter: java.version=21.0.7
2025-06-20 19:02:20,737 INFO o.a.j.JMeter: java.vm.name=OpenJDK 64-Bit Server VM
2025-06-20 19:02:20,737 INFO o.a.j.JMeter: os.name=Mac OS X
2025-06-20 19:02:20,737 INFO o.a.j.JMeter: os.arch=aarch64
2025-06-20 19:02:20,737 INFO o.a.j.JMeter: os.version=15.5
2025-06-20 19:02:20,737 INFO o.a.j.JMeter: file.encoding=UTF-8
2025-06-20 19:02:20,737 INFO o.a.j.JMeter: java.awt.headless=null
2025-06-20 19:02:20,737 INFO o.a.j.JMeter: Max memory     =1073741824
2025-06-20 19:02:20,737 INFO o.a.j.JMeter: Available Processors =8
2025-06-20 19:02:20,744 INFO o.a.j.JMeter: Default Locale=English (EN)
2025-06-20 19:02:20,744 INFO o.a.j.JMeter: JMeter  Locale=English (EN)
2025-06-20 19:02:20,744 INFO o.a.j.JMeter: JMeterHome=/opt/homebrew/Cellar/jmeter/5.6.3/libexec
2025-06-20 19:02:20,744 INFO o.a.j.JMeter: user.dir  =/Users/plamennyagolov/Desktop/inspira_github
2025-06-20 19:02:20,744 INFO o.a.j.JMeter: PWD       =/Users/plamennyagolov/Desktop/inspira_github
2025-06-20 19:02:20,749 INFO o.a.j.JMeter: IP: 192.168.2.12 Name: macbookpro.home FullName: macbookpro.home
2025-06-20 19:02:20,757 INFO o.a.j.JMeter: Loaded icon properties from org/apache/jmeter/images/icon.properties
2025-06-20 19:02:21,186 INFO o.a.j.JMeterGuiLauncher: Setting LAF to: com.github.weisj.darklaf.DarkLaf:com.github.weisj.darklaf.theme.DarculaTheme
2025-06-20 19:02:22,153 INFO o.a.j.r.ClassFinder: Will scan jar /opt/homebrew/Cellar/jmeter/5.6.3/libexec/lib/ext/jmeter-plugins-manager-1.9.jar with filter ExtendsClassFilter [parents=[interface org.apache.jmeter.gui.action.Command], inner=false, contains=null, notContains=null]. Consider exposing JMeter plugins via META-INF/services, and add JMeter-Skip-Class-Scanning=true manifest attribute so JMeter can skip classfile scanning
2025-06-20 19:02:22,227 INFO o.a.j.r.ClassFinder: Will scan jar /opt/homebrew/Cellar/jmeter/5.6.3/libexec/lib/ext/jmeter-plugins-manager-1.9.jar with filter ExtendsClassFilter [parents=[interface org.apache.jmeter.gui.plugin.MenuCreator], inner=false, contains=null, notContains=null]. Consider exposing JMeter plugins via META-INF/services, and add JMeter-Skip-Class-Scanning=true manifest attribute so JMeter can skip classfile scanning
2025-06-20 19:02:22,285 INFO o.j.r.JARSourceHTTP: Requesting https://jmeter-plugins.org/repo/?installID=mac_os_x-3b2871f978be9a07b73db1522d4bf813-gui
2025-06-20 19:02:23,721 INFO o.j.r.PluginManager: Plugins Status: [jpgc-plugins-manager=1.9, jmeter-core=5.6.3, jmeter-ftp=5.6.3, jmeter-http=5.6.3, jmeter-jdbc=5.6.3, jmeter-jms=5.6.3, jmeter-junit=5.6.3, jmeter-java=5.6.3, jmeter-ldap=5.6.3, jmeter-mail=5.6.3, jmeter-mongodb=5.6.3, jmeter-native=5.6.3, jmeter-tcp=5.6.3, jmeter-components=5.6.3]
2025-06-20 19:02:23,722 INFO o.j.r.PluginManagerMenuItem: Plugins Manager has upgrades: [jpgc-plugins-manager]
2025-06-20 19:02:56,034 INFO o.a.j.s.FileServer: Default base='/Users/plamennyagolov/Desktop/inspira_github'
2025-06-20 19:02:56,037 INFO o.a.j.g.a.Load: Loading file: /Users/plamennyagolov/Desktop/inspira_github/load-test-plan.jmx
2025-06-20 19:02:56,037 INFO o.a.j.s.FileServer: Set new base='/Users/plamennyagolov/Desktop/inspira_github'
2025-06-20 19:02:56,134 INFO o.a.j.s.SaveService: Testplan (JMX) version: 2.2. Testlog (JTL) version: 2.2
2025-06-20 19:02:56,138 INFO o.a.j.s.SaveService: Using SaveService properties version 5.0
2025-06-20 19:02:56,139 INFO o.a.j.s.SaveService: Using SaveService properties file encoding UTF-8
2025-06-20 19:02:56,139 INFO o.a.j.s.SaveService: Loading file: /Users/plamennyagolov/Desktop/inspira_github/load-test-plan.jmx
2025-06-20 19:02:56,142 WARN o.j.r.p.TestPlanAnalyzer: Cannot parse file: /Users/plamennyagolov/Desktop/inspira_github/load-test-plan.jmx
org.xml.sax.SAXParseException: Premature end of file.
	at org.apache.xerces.parsers.DOMParser.parse(Unknown Source) ~[xercesImpl-2.12.2.jar:?]
	at org.apache.xerces.jaxp.DocumentBuilderImpl.parse(Unknown Source) ~[xercesImpl-2.12.2.jar:?]
	at java.xml/javax.xml.parsers.DocumentBuilder.parse(DocumentBuilder.java:122) ~[?:?]
	at org.jmeterplugins.repository.plugins.TestPlanAnalyzer.getNodeListWithClassNames(TestPlanAnalyzer.java:112) ~[jmeter-plugins-manager-1.9.jar:?]
	at org.jmeterplugins.repository.plugins.TestPlanAnalyzer.analyze(TestPlanAnalyzer.java:37) ~[jmeter-plugins-manager-1.9.jar:?]
	at org.jmeterplugins.repository.plugins.PluginSuggester.analyzeTestPlan(PluginSuggester.java:51) ~[jmeter-plugins-manager-1.9.jar:?]
	at org.jmeterplugins.repository.plugins.PluginSuggester.findPluginsToInstall(PluginSuggester.java:44) ~[jmeter-plugins-manager-1.9.jar:?]
	at org.jmeterplugins.repository.plugins.PluginSuggester.checkAndSuggest(PluginSuggester.java:28) ~[jmeter-plugins-manager-1.9.jar:?]
	at org.jmeterplugins.repository.logging.LoggerAppender.append(LoggerAppender.java:33) ~[jmeter-plugins-manager-1.9.jar:?]
	at org.apache.logging.log4j.core.config.AppenderControl.tryCallAppender(AppenderControl.java:160) ~[log4j-core-2.22.1.jar:2.22.1]
	at org.apache.logging.log4j.core.config.AppenderControl.callAppender0(AppenderControl.java:133) ~[log4j-core-2.22.1.jar:2.22.1]
	at org.apache.logging.log4j.core.config.AppenderControl.callAppenderPreventRecursion(AppenderControl.java:124) ~[log4j-core-2.22.1.jar:2.22.1]
	at org.apache.logging.log4j.core.config.AppenderControl.callAppender(AppenderControl.java:88) ~[log4j-core-2.22.1.jar:2.22.1]
	at org.apache.logging.log4j.core.config.LoggerConfig.callAppenders(LoggerConfig.java:705) ~[log4j-core-2.22.1.jar:2.22.1]
	at org.apache.logging.log4j.core.config.LoggerConfig.processLogEvent(LoggerConfig.java:663) ~[log4j-core-2.22.1.jar:2.22.1]
	at org.apache.logging.log4j.core.config.LoggerConfig.log(LoggerConfig.java:639) ~[log4j-core-2.22.1.jar:2.22.1]
	at org.apache.logging.log4j.core.config.LoggerConfig.log(LoggerConfig.java:575) ~[log4j-core-2.22.1.jar:2.22.1]
	at org.apache.logging.log4j.core.config.AwaitCompletionReliabilityStrategy.log(AwaitCompletionReliabilityStrategy.java:92) ~[log4j-core-2.22.1.jar:2.22.1]
	at org.apache.logging.log4j.core.Logger.log(Logger.java:169) ~[log4j-core-2.22.1.jar:2.22.1]
	at org.apache.logging.log4j.spi.AbstractLogger.tryLogMessage(AbstractLogger.java:2933) ~[log4j-api-2.22.1.jar:2.22.1]
	at org.apache.logging.log4j.spi.AbstractLogger.logMessageTrackRecursion(AbstractLogger.java:2886) ~[log4j-api-2.22.1.jar:2.22.1]
	at org.apache.logging.log4j.spi.AbstractLogger.logMessageSafely(AbstractLogger.java:2868) ~[log4j-api-2.22.1.jar:2.22.1]
	at org.apache.logging.log4j.spi.AbstractLogger.logMessage(AbstractLogger.java:2664) ~[log4j-api-2.22.1.jar:2.22.1]
	at org.apache.logging.log4j.spi.AbstractLogger.logIfEnabled(AbstractLogger.java:2429) ~[log4j-api-2.22.1.jar:2.22.1]
	at org.apache.logging.slf4j.Log4jLogger.info(Log4jLogger.java:184) ~[log4j-slf4j-impl-2.22.1.jar:2.22.1]
	at org.apache.jmeter.save.SaveService.loadTree(SaveService.java:425) ~[ApacheJMeter_core.jar:5.6.3]
	at org.apache.jmeter.gui.action.Load.loadProjectFile(Load.java:131) ~[ApacheJMeter_core.jar:5.6.3]
	at org.apache.jmeter.gui.action.Load.loadProjectFile(Load.java:103) ~[ApacheJMeter_core.jar:5.6.3]
	at org.apache.jmeter.gui.action.Load.doActionAfterCheck(Load.java:90) ~[ApacheJMeter_core.jar:5.6.3]
	at org.apache.jmeter.gui.action.AbstractActionWithNoRunningTest.doAction(AbstractActionWithNoRunningTest.java:44) ~[ApacheJMeter_core.jar:5.6.3]
	at org.apache.jmeter.gui.action.ActionRouter.performAction(ActionRouter.java:83) ~[ApacheJMeter_core.jar:5.6.3]
	at org.apache.jmeter.gui.action.ActionRouter.lambda$actionPerformed$0(ActionRouter.java:65) ~[ApacheJMeter_core.jar:5.6.3]
	at java.desktop/java.awt.event.InvocationEvent.dispatch(InvocationEvent.java:318) ~[?:?]
	at java.desktop/java.awt.EventQueue.dispatchEventImpl(EventQueue.java:773) ~[?:?]
	at java.desktop/java.awt.EventQueue$4.run(EventQueue.java:720) ~[?:?]
	at java.desktop/java.awt.EventQueue$4.run(EventQueue.java:714) ~[?:?]
	at java.base/java.security.AccessController.doPrivileged(AccessController.java:400) [?:?]
	at java.base/java.security.ProtectionDomain$JavaSecurityAccessImpl.doIntersectionPrivilege(ProtectionDomain.java:87) [?:?]
	at java.desktop/java.awt.EventQueue.dispatchEvent(EventQueue.java:742) [?:?]
	at java.desktop/java.awt.EventDispatchThread.pumpOneEventForFilters(EventDispatchThread.java:203) [?:?]
	at java.desktop/java.awt.EventDispatchThread.pumpEventsForFilter(EventDispatchThread.java:124) [?:?]
	at java.desktop/java.awt.EventDispatchThread.pumpEventsForHierarchy(EventDispatchThread.java:113) [?:?]
	at java.desktop/java.awt.EventDispatchThread.pumpEvents(EventDispatchThread.java:109) [?:?]
	at java.desktop/java.awt.EventDispatchThread.pumpEvents(EventDispatchThread.java:101) [?:?]
	at java.desktop/java.awt.EventDispatchThread.run(EventDispatchThread.java:90) [?:?]
2025-06-20 19:02:56,156 WARN o.a.j.g.a.Load: Error in XML format. java.io.EOFException: input contained no data
2025-06-20 19:02:56,156 ERROR o.a.j.u.JMeterUtils: input contained no data
2025-06-20 19:03:09,328 INFO o.a.j.g.a.Load: Loading file: /Users/plamennyagolov/Desktop/inspira_github/inspira-load-test.jmx
2025-06-20 19:03:09,329 INFO o.a.j.s.FileServer: Set new base='/Users/plamennyagolov/Desktop/inspira_github'
2025-06-20 19:03:09,329 INFO o.a.j.s.SaveService: Loading file: /Users/plamennyagolov/Desktop/inspira_github/inspira-load-test.jmx
2025-06-20 19:03:09,381 INFO o.a.j.p.h.s.HTTPSamplerBase: Parser for text/html is org.apache.jmeter.protocol.http.parser.LagartoBasedHtmlParser
2025-06-20 19:03:09,381 INFO o.a.j.p.h.s.HTTPSamplerBase: Parser for application/xhtml+xml is org.apache.jmeter.protocol.http.parser.LagartoBasedHtmlParser
2025-06-20 19:03:09,381 INFO o.a.j.p.h.s.HTTPSamplerBase: Parser for application/xml is org.apache.jmeter.protocol.http.parser.LagartoBasedHtmlParser
2025-06-20 19:03:09,381 INFO o.a.j.p.h.s.HTTPSamplerBase: Parser for text/xml is org.apache.jmeter.protocol.http.parser.LagartoBasedHtmlParser
2025-06-20 19:03:09,381 INFO o.a.j.p.h.s.HTTPSamplerBase: Parser for text/vnd.wap.wml is org.apache.jmeter.protocol.http.parser.RegexpHTMLParser
2025-06-20 19:03:09,382 INFO o.a.j.p.h.s.HTTPSamplerBase: Parser for text/css is org.apache.jmeter.protocol.http.parser.CssParser
2025-06-20 19:03:09,482 INFO o.a.j.s.SampleResult: Note: Sample TimeStamps are START times
2025-06-20 19:03:09,483 INFO o.a.j.s.SampleResult: sampleresult.default.encoding is set to UTF-8
2025-06-20 19:03:09,483 INFO o.a.j.s.SampleResult: sampleresult.useNanoTime=true
2025-06-20 19:03:09,483 INFO o.a.j.s.SampleResult: sampleresult.nanoThreadSleep=5000
2025-06-20 19:03:09,544 INFO o.a.j.r.ClassFinder: Will scan jar /opt/homebrew/Cellar/jmeter/5.6.3/libexec/lib/ext/jmeter-plugins-manager-1.9.jar with filter ExtendsClassFilter [parents=[interface org.apache.jmeter.visualizers.ResultRenderer], inner=false, contains=null, notContains=null]. Consider exposing JMeter plugins via META-INF/services, and add JMeter-Skip-Class-Scanning=true manifest attribute so JMeter can skip classfile scanning
2025-06-20 19:03:09,555 INFO o.a.j.r.ClassFinder: Will scan jar /opt/homebrew/Cellar/jmeter/5.6.3/libexec/lib/ext/jmeter-plugins-manager-1.9.jar with filter ExtendsClassFilter [parents=[interface org.apache.jmeter.visualizers.RequestView], inner=false, contains=null, notContains=null]. Consider exposing JMeter plugins via META-INF/services, and add JMeter-Skip-Class-Scanning=true manifest attribute so JMeter can skip classfile scanning
2025-06-20 19:03:09,599 INFO o.a.j.s.FileServer: Set new base='/Users/plamennyagolov/Desktop/inspira_github'
2025-06-20 19:03:17,168 INFO o.a.j.e.StandardJMeterEngine: Running the test!
2025-06-20 19:03:17,169 INFO o.a.j.s.SampleEvent: List of sample_variables: []
2025-06-20 19:03:17,169 INFO o.a.j.s.SampleEvent: List of sample_variables: []
2025-06-20 19:03:17,170 INFO o.a.j.e.u.CompoundVariable: Note: Function class names must contain the string: '.functions.'
2025-06-20 19:03:17,170 INFO o.a.j.e.u.CompoundVariable: Note: Function class names must not contain the string: '.gui.'
2025-06-20 19:03:17,203 INFO o.a.j.r.ClassFinder: Will scan jar /opt/homebrew/Cellar/jmeter/5.6.3/libexec/lib/ext/jmeter-plugins-manager-1.9.jar with filter ExtendsClassFilter [parents=[interface org.apache.jmeter.functions.Function], inner=false, contains=null, notContains=null]. Consider exposing JMeter plugins via META-INF/services, and add JMeter-Skip-Class-Scanning=true manifest attribute so JMeter can skip classfile scanning
2025-06-20 19:03:17,206 INFO o.a.j.g.u.JMeterMenuBar: setRunning(true, *local*)
2025-06-20 19:03:17,231 INFO o.a.j.e.StandardJMeterEngine: Starting ThreadGroup: 1 : Thread Group
2025-06-20 19:03:17,231 INFO o.a.j.e.StandardJMeterEngine: Starting 50 threads for group Thread Group.
2025-06-20 19:03:17,231 INFO o.a.j.e.StandardJMeterEngine: Thread will continue on error
2025-06-20 19:03:17,231 INFO o.a.j.t.ThreadGroup: Starting thread group... number=1 threads=50 ramp-up=60 delayedStart=false
2025-06-20 19:03:17,233 INFO o.a.j.t.JMeterThread: Thread started: Thread Group 1-1
2025-06-20 19:03:17,239 INFO o.a.j.p.h.s.HTTPHCAbstractImpl: Local host = macbookpro.home
2025-06-20 19:03:17,242 INFO o.a.j.t.ThreadGroup: Started thread group number 1
2025-06-20 19:03:17,242 INFO o.a.j.e.StandardJMeterEngine: All thread groups have been started
2025-06-20 19:03:17,242 INFO o.a.j.p.h.s.HTTPHC4Impl: HTTP request retry count = 0
2025-06-20 19:03:18,435 INFO o.a.j.t.JMeterThread: Thread started: Thread Group 1-2
2025-06-20 19:03:19,639 INFO o.a.j.t.JMeterThread: Thread started: Thread Group 1-3
2025-06-20 19:03:20,837 INFO o.a.j.t.JMeterThread: Thread started: Thread Group 1-4
2025-06-20 19:03:22,033 INFO o.a.j.t.JMeterThread: Thread started: Thread Group 1-5
2025-06-20 19:03:23,236 INFO o.a.j.t.JMeterThread: Thread started: Thread Group 1-6
2025-06-20 19:03:24,437 INFO o.a.j.t.JMeterThread: Thread started: Thread Group 1-7
2025-06-20 19:03:25,638 INFO o.a.j.t.JMeterThread: Thread started: Thread Group 1-8
2025-06-20 19:03:26,836 INFO o.a.j.t.JMeterThread: Thread started: Thread Group 1-9
2025-06-20 19:03:28,036 INFO o.a.j.t.JMeterThread: Thread started: Thread Group 1-10
2025-06-20 19:03:29,234 INFO o.a.j.t.JMeterThread: Thread started: Thread Group 1-11
2025-06-20 19:03:30,438 INFO o.a.j.t.JMeterThread: Thread started: Thread Group 1-12
2025-06-20 19:03:31,636 INFO o.a.j.t.JMeterThread: Thread started: Thread Group 1-13
2025-06-20 19:03:32,833 INFO o.a.j.t.JMeterThread: Thread started: Thread Group 1-14
2025-06-20 19:03:34,036 INFO o.a.j.t.JMeterThread: Thread started: Thread Group 1-15
2025-06-20 19:03:35,233 INFO o.a.j.t.JMeterThread: Thread started: Thread Group 1-16
2025-06-20 19:03:36,437 INFO o.a.j.t.JMeterThread: Thread started: Thread Group 1-17
2025-06-20 19:03:37,632 INFO o.a.j.t.JMeterThread: Thread started: Thread Group 1-18
2025-06-20 19:03:38,836 INFO o.a.j.t.JMeterThread: Thread started: Thread Group 1-19
2025-06-20 19:03:40,036 INFO o.a.j.t.JMeterThread: Thread started: Thread Group 1-20
2025-06-20 19:03:41,236 INFO o.a.j.t.JMeterThread: Thread started: Thread Group 1-21
2025-06-20 19:03:42,437 INFO o.a.j.t.JMeterThread: Thread started: Thread Group 1-22
2025-06-20 19:03:43,636 INFO o.a.j.t.JMeterThread: Thread started: Thread Group 1-23
2025-06-20 19:03:44,840 INFO o.a.j.t.JMeterThread: Thread started: Thread Group 1-24
2025-06-20 19:03:46,036 INFO o.a.j.t.JMeterThread: Thread started: Thread Group 1-25
2025-06-20 19:03:47,245 INFO o.a.j.t.JMeterThread: Thread started: Thread Group 1-26
2025-06-20 19:03:48,434 INFO o.a.j.t.JMeterThread: Thread started: Thread Group 1-27
2025-06-20 19:03:49,639 INFO o.a.j.t.JMeterThread: Thread started: Thread Group 1-28
2025-06-20 19:03:50,836 INFO o.a.j.t.JMeterThread: Thread started: Thread Group 1-29
2025-06-20 19:03:52,039 INFO o.a.j.t.JMeterThread: Thread started: Thread Group 1-30
2025-06-20 19:03:53,236 INFO o.a.j.t.JMeterThread: Thread started: Thread Group 1-31
2025-06-20 19:03:54,437 INFO o.a.j.t.JMeterThread: Thread started: Thread Group 1-32
2025-06-20 19:03:55,639 INFO o.a.j.t.JMeterThread: Thread started: Thread Group 1-33
2025-06-20 19:03:56,835 INFO o.a.j.t.JMeterThread: Thread started: Thread Group 1-34
2025-06-20 19:03:58,036 INFO o.a.j.t.JMeterThread: Thread started: Thread Group 1-35
2025-06-20 19:03:59,237 INFO o.a.j.t.JMeterThread: Thread started: Thread Group 1-36
2025-06-20 19:04:00,436 INFO o.a.j.t.JMeterThread: Thread started: Thread Group 1-37
2025-06-20 19:04:01,633 INFO o.a.j.t.JMeterThread: Thread started: Thread Group 1-38
2025-06-20 19:04:02,837 INFO o.a.j.t.JMeterThread: Thread started: Thread Group 1-39
2025-06-20 19:04:04,033 INFO o.a.j.t.JMeterThread: Thread started: Thread Group 1-40
2025-06-20 19:04:05,238 INFO o.a.j.t.JMeterThread: Thread started: Thread Group 1-41
2025-06-20 19:04:06,435 INFO o.a.j.t.JMeterThread: Thread started: Thread Group 1-42
2025-06-20 19:04:07,634 INFO o.a.j.t.JMeterThread: Thread started: Thread Group 1-43
2025-06-20 19:04:08,839 INFO o.a.j.t.JMeterThread: Thread started: Thread Group 1-44
2025-06-20 19:04:10,032 INFO o.a.j.t.JMeterThread: Thread started: Thread Group 1-45
2025-06-20 19:04:11,234 INFO o.a.j.t.JMeterThread: Thread started: Thread Group 1-46
2025-06-20 19:04:12,433 INFO o.a.j.t.JMeterThread: Thread started: Thread Group 1-47
2025-06-20 19:04:13,634 INFO o.a.j.t.JMeterThread: Thread started: Thread Group 1-48
2025-06-20 19:04:14,833 INFO o.a.j.t.JMeterThread: Thread started: Thread Group 1-49
2025-06-20 19:04:16,036 INFO o.a.j.t.JMeterThread: Thread started: Thread Group 1-50
2025-06-20 19:08:17,238 INFO o.a.j.t.JMeterThread: Stopping because end time detected by thread: Thread Group 1-12
2025-06-20 19:08:17,239 INFO o.a.j.t.JMeterThread: Stopping because end time detected by thread: Thread Group 1-23
2025-06-20 19:08:17,240 INFO o.a.j.t.JMeterThread: Thread finished: Thread Group 1-23
2025-06-20 19:08:17,240 INFO o.a.j.t.JMeterThread: Stopping because end time detected by thread: Thread Group 1-3
2025-06-20 19:08:17,241 INFO o.a.j.t.JMeterThread: Thread finished: Thread Group 1-3
2025-06-20 19:08:17,240 INFO o.a.j.t.JMeterThread: Thread finished: Thread Group 1-12
2025-06-20 19:08:17,244 INFO o.a.j.t.JMeterThread: Stopping because end time detected by thread: Thread Group 1-49
2025-06-20 19:08:17,244 INFO o.a.j.t.JMeterThread: Thread finished: Thread Group 1-49
2025-06-20 19:08:17,245 INFO o.a.j.t.JMeterThread: Stopping because end time detected by thread: Thread Group 1-30
2025-06-20 19:08:17,245 INFO o.a.j.t.JMeterThread: Stopping because end time detected by thread: Thread Group 1-16
2025-06-20 19:08:17,245 INFO o.a.j.t.JMeterThread: Thread finished: Thread Group 1-30
2025-06-20 19:08:17,245 INFO o.a.j.t.JMeterThread: Thread finished: Thread Group 1-16
2025-06-20 19:08:17,245 INFO o.a.j.t.JMeterThread: Stopping because end time detected by thread: Thread Group 1-14
2025-06-20 19:08:17,245 INFO o.a.j.t.JMeterThread: Stopping because end time detected by thread: Thread Group 1-10
2025-06-20 19:08:17,245 INFO o.a.j.t.JMeterThread: Thread finished: Thread Group 1-14
2025-06-20 19:08:17,246 INFO o.a.j.t.JMeterThread: Thread finished: Thread Group 1-10
2025-06-20 19:08:17,251 INFO o.a.j.t.JMeterThread: Stopping because end time detected by thread: Thread Group 1-17
2025-06-20 19:08:17,251 INFO o.a.j.t.JMeterThread: Stopping because end time detected by thread: Thread Group 1-42
2025-06-20 19:08:17,251 INFO o.a.j.t.JMeterThread: Thread finished: Thread Group 1-17
2025-06-20 19:08:17,251 INFO o.a.j.t.JMeterThread: Thread finished: Thread Group 1-42
2025-06-20 19:08:17,252 INFO o.a.j.t.JMeterThread: Stopping because end time detected by thread: Thread Group 1-34
2025-06-20 19:08:17,252 INFO o.a.j.t.JMeterThread: Stopping because end time detected by thread: Thread Group 1-28
2025-06-20 19:08:17,252 INFO o.a.j.t.JMeterThread: Thread finished: Thread Group 1-34
2025-06-20 19:08:17,252 INFO o.a.j.t.JMeterThread: Thread finished: Thread Group 1-28
2025-06-20 19:08:17,252 INFO o.a.j.t.JMeterThread: Stopping because end time detected by thread: Thread Group 1-21
2025-06-20 19:08:17,252 INFO o.a.j.t.JMeterThread: Stopping because end time detected by thread: Thread Group 1-36
2025-06-20 19:08:17,252 INFO o.a.j.t.JMeterThread: Stopping because end time detected by thread: Thread Group 1-7
2025-06-20 19:08:17,252 INFO o.a.j.t.JMeterThread: Thread finished: Thread Group 1-36
2025-06-20 19:08:17,252 INFO o.a.j.t.JMeterThread: Thread finished: Thread Group 1-7
2025-06-20 19:08:17,252 INFO o.a.j.t.JMeterThread: Thread finished: Thread Group 1-21
2025-06-20 19:08:17,256 INFO o.a.j.t.JMeterThread: Stopping because end time detected by thread: Thread Group 1-22
2025-06-20 19:08:17,256 INFO o.a.j.t.JMeterThread: Stopping because end time detected by thread: Thread Group 1-25
2025-06-20 19:08:17,256 INFO o.a.j.t.JMeterThread: Stopping because end time detected by thread: Thread Group 1-4
2025-06-20 19:08:17,257 INFO o.a.j.t.JMeterThread: Thread finished: Thread Group 1-4
2025-06-20 19:08:17,256 INFO o.a.j.t.JMeterThread: Stopping because end time detected by thread: Thread Group 1-13
2025-06-20 19:08:17,257 INFO o.a.j.t.JMeterThread: Thread finished: Thread Group 1-22
2025-06-20 19:08:17,257 INFO o.a.j.t.JMeterThread: Thread finished: Thread Group 1-25
2025-06-20 19:08:17,257 INFO o.a.j.t.JMeterThread: Thread finished: Thread Group 1-13
2025-06-20 19:08:17,257 INFO o.a.j.t.JMeterThread: Stopping because end time detected by thread: Thread Group 1-2
2025-06-20 19:08:17,257 INFO o.a.j.t.JMeterThread: Stopping because end time detected by thread: Thread Group 1-40
2025-06-20 19:08:17,257 INFO o.a.j.t.JMeterThread: Stopping because end time detected by thread: Thread Group 1-43
2025-06-20 19:08:17,257 INFO o.a.j.t.JMeterThread: Stopping because end time detected by thread: Thread Group 1-20
2025-06-20 19:08:17,257 INFO o.a.j.t.JMeterThread: Thread finished: Thread Group 1-43
2025-06-20 19:08:17,257 INFO o.a.j.t.JMeterThread: Stopping because end time detected by thread: Thread Group 1-50
2025-06-20 19:08:17,258 INFO o.a.j.t.JMeterThread: Stopping because end time detected by thread: Thread Group 1-45
2025-06-20 19:08:17,258 INFO o.a.j.t.JMeterThread: Stopping because end time detected by thread: Thread Group 1-29
2025-06-20 19:08:17,258 INFO o.a.j.t.JMeterThread: Thread finished: Thread Group 1-29
2025-06-20 19:08:17,258 INFO o.a.j.t.JMeterThread: Thread finished: Thread Group 1-20
2025-06-20 19:08:17,258 INFO o.a.j.t.JMeterThread: Stopping because end time detected by thread: Thread Group 1-26
2025-06-20 19:08:17,258 INFO o.a.j.t.JMeterThread: Thread finished: Thread Group 1-45
2025-06-20 19:08:17,258 INFO o.a.j.t.JMeterThread: Thread finished: Thread Group 1-26
2025-06-20 19:08:17,258 INFO o.a.j.t.JMeterThread: Thread finished: Thread Group 1-40
2025-06-20 19:08:17,258 INFO o.a.j.t.JMeterThread: Thread finished: Thread Group 1-50
2025-06-20 19:08:17,257 INFO o.a.j.t.JMeterThread: Thread finished: Thread Group 1-2
2025-06-20 19:08:17,259 INFO o.a.j.t.JMeterThread: Stopping because end time detected by thread: Thread Group 1-24
2025-06-20 19:08:17,259 INFO o.a.j.t.JMeterThread: Stopping because end time detected by thread: Thread Group 1-47
2025-06-20 19:08:17,260 INFO o.a.j.t.JMeterThread: Thread finished: Thread Group 1-47
2025-06-20 19:08:17,259 INFO o.a.j.t.JMeterThread: Thread finished: Thread Group 1-24
2025-06-20 19:08:17,259 INFO o.a.j.t.JMeterThread: Stopping because end time detected by thread: Thread Group 1-1
2025-06-20 19:08:17,260 INFO o.a.j.t.JMeterThread: Thread finished: Thread Group 1-1
2025-06-20 19:08:17,262 INFO o.a.j.t.JMeterThread: Stopping because end time detected by thread: Thread Group 1-15
2025-06-20 19:08:17,262 INFO o.a.j.t.JMeterThread: Stopping because end time detected by thread: Thread Group 1-6
2025-06-20 19:08:17,262 INFO o.a.j.t.JMeterThread: Thread finished: Thread Group 1-6
2025-06-20 19:08:17,262 INFO o.a.j.t.JMeterThread: Stopping because end time detected by thread: Thread Group 1-46
2025-06-20 19:08:17,262 INFO o.a.j.t.JMeterThread: Thread finished: Thread Group 1-46
2025-06-20 19:08:17,262 INFO o.a.j.t.JMeterThread: Thread finished: Thread Group 1-15
2025-06-20 19:08:17,262 INFO o.a.j.t.JMeterThread: Stopping because end time detected by thread: Thread Group 1-33
2025-06-20 19:08:17,263 INFO o.a.j.t.JMeterThread: Thread finished: Thread Group 1-33
2025-06-20 19:08:17,264 INFO o.a.j.t.JMeterThread: Stopping because end time detected by thread: Thread Group 1-44
2025-06-20 19:08:17,264 INFO o.a.j.t.JMeterThread: Thread finished: Thread Group 1-44
2025-06-20 19:08:17,264 INFO o.a.j.t.JMeterThread: Stopping because end time detected by thread: Thread Group 1-38
2025-06-20 19:08:17,264 INFO o.a.j.t.JMeterThread: Thread finished: Thread Group 1-38
2025-06-20 19:08:17,264 INFO o.a.j.t.JMeterThread: Stopping because end time detected by thread: Thread Group 1-31
2025-06-20 19:08:17,264 INFO o.a.j.t.JMeterThread: Thread finished: Thread Group 1-31
2025-06-20 19:08:17,264 INFO o.a.j.t.JMeterThread: Stopping because end time detected by thread: Thread Group 1-11
2025-06-20 19:08:17,264 INFO o.a.j.t.JMeterThread: Thread finished: Thread Group 1-11
2025-06-20 19:08:17,264 INFO o.a.j.t.JMeterThread: Stopping because end time detected by thread: Thread Group 1-18
2025-06-20 19:08:17,264 INFO o.a.j.t.JMeterThread: Thread finished: Thread Group 1-18
2025-06-20 19:08:17,264 INFO o.a.j.t.JMeterThread: Stopping because end time detected by thread: Thread Group 1-9
2025-06-20 19:08:17,264 INFO o.a.j.t.JMeterThread: Thread finished: Thread Group 1-9
2025-06-20 19:08:17,264 INFO o.a.j.t.JMeterThread: Stopping because end time detected by thread: Thread Group 1-19
2025-06-20 19:08:17,265 INFO o.a.j.t.JMeterThread: Thread finished: Thread Group 1-19
2025-06-20 19:08:17,264 INFO o.a.j.t.JMeterThread: Stopping because end time detected by thread: Thread Group 1-37
2025-06-20 19:08:17,265 INFO o.a.j.t.JMeterThread: Stopping because end time detected by thread: Thread Group 1-35
2025-06-20 19:08:17,265 INFO o.a.j.t.JMeterThread: Thread finished: Thread Group 1-37
2025-06-20 19:08:17,265 INFO o.a.j.t.JMeterThread: Thread finished: Thread Group 1-35
2025-06-20 19:08:17,266 INFO o.a.j.t.JMeterThread: Stopping because end time detected by thread: Thread Group 1-5
2025-06-20 19:08:17,266 INFO o.a.j.t.JMeterThread: Thread finished: Thread Group 1-5
2025-06-20 19:08:17,325 INFO o.a.j.t.JMeterThread: Stopping because end time detected by thread: Thread Group 1-32
2025-06-20 19:08:17,325 INFO o.a.j.t.JMeterThread: Thread finished: Thread Group 1-32
2025-06-20 19:08:17,344 INFO o.a.j.t.JMeterThread: Stopping because end time detected by thread: Thread Group 1-39
2025-06-20 19:08:17,344 INFO o.a.j.t.JMeterThread: Thread finished: Thread Group 1-39
2025-06-20 19:08:17,345 INFO o.a.j.t.JMeterThread: Stopping because end time detected by thread: Thread Group 1-27
2025-06-20 19:08:17,345 INFO o.a.j.t.JMeterThread: Stopping because end time detected by thread: Thread Group 1-8
2025-06-20 19:08:17,345 INFO o.a.j.t.JMeterThread: Thread finished: Thread Group 1-27
2025-06-20 19:08:17,345 INFO o.a.j.t.JMeterThread: Thread finished: Thread Group 1-8
2025-06-20 19:08:17,346 INFO o.a.j.t.JMeterThread: Stopping because end time detected by thread: Thread Group 1-48
2025-06-20 19:08:17,346 INFO o.a.j.t.JMeterThread: Thread finished: Thread Group 1-48
2025-06-20 19:08:17,347 INFO o.a.j.t.JMeterThread: Stopping because end time detected by thread: Thread Group 1-41
2025-06-20 19:08:17,347 INFO o.a.j.t.JMeterThread: Thread finished: Thread Group 1-41
2025-06-20 19:08:17,347 INFO o.a.j.e.StandardJMeterEngine: Notifying test listeners of end of test
2025-06-20 19:08:17,347 INFO o.a.j.g.u.JMeterMenuBar: setRunning(false, *local*)
